\BOOKMARK [1][-]{section.1}{Introduction}{}% 1
\BOOKMARK [2][-]{subsection.1.1}{Background}{section.1}% 2
\BOOKMARK [2][-]{subsection.1.2}{Restatement of the Problem}{section.1}% 3
\BOOKMARK [2][-]{subsection.1.3}{Analysis of the Problem}{section.1}% 4
\BOOKMARK [1][-]{section.2}{Assumptions}{}% 5
\BOOKMARK [1][-]{section.3}{Notation}{}% 6
\BOOKMARK [1][-]{section.4}{Model 1: Word Frequency Algorithm}{}% 7
\BOOKMARK [2][-]{subsection.4.1}{TF is Term Frequency}{section.4}% 8
\BOOKMARK [2][-]{subsection.4.2}{IDF is Inverse Document Frequency}{section.4}% 9
\BOOKMARK [2][-]{subsection.4.3}{TF-IDF is Actually: TF * IDF}{section.4}% 10
\BOOKMARK [2][-]{subsection.4.4}{How to Track Sales Situation form This Modle}{section.4}% 11
\BOOKMARK [1][-]{section.5}{Model 2: Evaluation Model Based on User Reviews}{}% 12
\BOOKMARK [2][-]{subsection.5.1}{Qualitative Analysis of Reviews}{section.5}% 13
\BOOKMARK [2][-]{subsection.5.2}{Importance of Reviews}{section.5}% 14
\BOOKMARK [2][-]{subsection.5.3}{Output Model for Different Information}{section.5}% 15
\BOOKMARK [1][-]{section.6}{ Results and Recommendations}{}% 16
\BOOKMARK [2][-]{subsection.6.1}{Inform Online Sales Strategy}{section.6}% 17
\BOOKMARK [2][-]{subsection.6.2}{Potentially Important Design Features}{section.6}% 18
\BOOKMARK [2][-]{subsection.6.3}{The Product\220s Reputation}{section.6}% 19
\BOOKMARK [2][-]{subsection.6.4}{The Future Trend of the Product }{section.6}% 20
\BOOKMARK [2][-]{subsection.6.5}{Do specific star ratings incite more reviews?}{section.6}% 21
\BOOKMARK [2][-]{subsection.6.6}{ Is the comment content related to the rating level?}{section.6}% 22
\BOOKMARK [1][-]{section.7}{Model Improvement}{}% 23
\BOOKMARK [1][-]{section.8}{Sensitivity Analysis}{}% 24
\BOOKMARK [1][-]{section.9}{Strengths and Weaknesses}{}% 25
